<?xml version="1.0" encoding="UTF-8"?>
<!-- Generated by org.testng.reporters.JUnitXMLReporter -->
<testsuite ignored="0" hostname="Mitchels-MacBook-Pro.local" failures="0" tests="6" name="Nexus 5X" time="82.963" errors="0" timestamp="2021-07-16T15:58:08 BST">
  <testcase classname="com.qa.runners.RunnerBase" name="scenario" time="5.197"/>
  <testcase classname="com.qa.runners.RunnerBase" name="scenario" time="3.747"/>
  <testcase classname="com.qa.runners.RunnerBase" name="scenario" time="5.387"/>
  <testcase classname="com.qa.runners.RunnerBase" name="scenario" time="16.793"/>
  <testcase classname="com.qa.runners.RunnerBase" name="scenario" time="4.653"/>
  <testcase classname="com.qa.runners.RunnerBase" name="scenario" time="5.646"/>
</testsuite> <!-- Nexus 5X -->
