<?xml version="1.0" encoding="UTF-8"?>
<testsuite xmlns:xsi="http://www.w3.org/2001/XMLSchema-instance" xsi:noNamespaceSchemaLocation="https://maven.apache.org/surefire/maven-surefire-plugin/xsd/surefire-test-report.xsd" name="TestSuite" time="98.907" tests="6" errors="0" skipped="0" failures="0">
  <properties>
[...]
</properties>
  <testcase name="scenario" classname="com.qa.runners.MyNexus5XTestNGRunnerTest" time="2.418"/>
  <testcase name="scenario" classname="com.qa.runners.MyNexus5XTestNGRunnerTest" time="3.746"/>
  <testcase name="scenario" classname="com.qa.runners.MyNexus5XTestNGRunnerTest" time="5.387"/>
  <testcase name="scenario" classname="com.qa.runners.MySamsungS9TestNGRunnerTest" time="10.629"/>
  <testcase name="scenario" classname="com.qa.runners.MySamsungS9TestNGRunnerTest" time="4.653"/>
  <testcase name="scenario" classname="com.qa.runners.MySamsungS9TestNGRunnerTest" time="5.645"/>
</testsuite>